<?xml version="1.0" encoding="UTF-8"?>
<!-- Generated by org.testng.reporters.JUnitReportReporter -->
<testsuite hostname="ZAUN" failures="0" tests="2" name="com.testannotations.TestAnnotations" time="0.021" errors="0" timestamp="2022-04-13T19:00:16 IST" skipped="0">
  <testcase classname="com.testannotations.TestAnnotations" name="Test1" time="0.012"/>
  <system-out/>
  <testcase classname="com.testannotations.TestAnnotations" name="Test2" time="0.009"/>
  <system-out/>
</testsuite> <!-- com.testannotations.TestAnnotations -->
